. Variables and constants in RAM (global, static), used 28300 / 80192 bytes (35%)
║   SEGMENT  BYTES    DESCRIPTION
╠══ DATA     1504     initialized variables
╠══ RODATA   948      constants       
╚══ BSS      25848    zeroed variables
. Instruction RAM (IRAM_ATTR, ICACHE_RAM_ATTR), used 59667 / 65536 bytes (91%)
║   SEGMENT  BYTES    DESCRIPTION
╠══ ICACHE   32768    reserved space for flash instruction cache
╚══ IRAM     26899    code in IRAM    
. Code in flash (default, ICACHE_FLASH_ATTR), used 244356 / 1048576 bytes (23%)
║   SEGMENT  BYTES    DESCRIPTION
╚══ IROM     244356   code in flash   
esptool.py v3.0
Serial port COM5
Connecting....
Chip is ESP8266EX
Features: WiFi
Crystal is 26MHz
MAC: bc:dd:c2:52:82:94
Uploading stub...
Running stub...
Stub running...
Configuring flash size...
Auto-detected Flash size: 1MB
Flash params set to 0x0320
Compressed 277856 bytes to 204293...
Writing at 0x00000000... (7 %)
Writing at 0x00004000... (15 %)
Writing at 0x00008000... (23 %)
Writing at 0x0000c000... (30 %)
Writing at 0x00010000... (38 %)
Writing at 0x00014000... (46 %)
Writing at 0x00018000... (53 %)
Writing at 0x0001c000... (61 %)
Writing at 0x00020000... (69 %)
Writing at 0x00024000... (76 %)
Writing at 0x00028000... (84 %)
Writing at 0x0002c000... (92 %)
Writing at 0x00030000... (100 %)
Wrote 277856 bytes (204293 compressed) at 0x00000000 in 18.0 seconds (effective 123.5 kbit/s)...
Hash of data verified.

Leaving...
Hard resetting via RTS pin...

